<?xml version="1.0" encoding="UTF-8"?>
<!-- Generated by org.testng.reporters.JUnitReportReporter -->
<testsuite skipped="0" hostname="Devraj-PC" name="recruitment.Tc05Test" tests="1" failures="0" timestamp="2021-09-13T18:03:12 IST" time="14.438" errors="0">
  <testcase name="addCandidateDetails" time="14.438" classname="recruitment.Tc05Test"/>
  <system-out/>
</testsuite> <!-- recruitment.Tc05Test -->
