<?xml version="1.0" encoding="UTF-8"?>
<!-- Generated by org.testng.reporters.JUnitReportReporter -->
<testsuite skipped="0" hostname="Devraj-PC" name="admin.Tc03Test" tests="1" failures="0" timestamp="2021-09-13T16:10:24 IST" time="12.621" errors="0">
  <testcase name="admin" time="12.621" classname="admin.Tc03Test"/>
  <system-out>
    <![CDATA[Succesfully added details]]>
  </system-out>
</testsuite> <!-- admin.Tc03Test -->
