<?xml version="1.0" encoding="UTF-8"?>
<!-- Generated by org.testng.reporters.JUnitReportReporter -->
<testsuite skipped="0" hostname="Devraj-PC" name="directory.Tc14Test" tests="1" failures="0" timestamp="2021-09-13T17:49:09 IST" time="19.573" errors="0">
  <testcase name="directory" time="19.573" classname="directory.Tc14Test"/>
  <system-out>
    <![CDATA[Directory Page is Displayed
User found]]>
  </system-out>
</testsuite> <!-- directory.Tc14Test -->
