<?xml version="1.0" encoding="UTF-8"?>
<!-- Generated by org.testng.reporters.JUnitReportReporter -->
<testsuite skipped="0" hostname="Devraj-PC" name="recruitment.Tc07Test" tests="1" failures="0" timestamp="2021-09-14T15:33:15 IST" time="27.070" errors="0">
  <testcase name="login" time="27.070" classname="recruitment.Tc07Test"/>
  <system-out/>
</testsuite> <!-- recruitment.Tc07Test -->
