<?xml version="1.0" encoding="UTF-8"?>
<!-- Generated by org.testng.reporters.JUnitReportReporter -->
<testsuite skipped="0" hostname="Devraj-PC" name="login.Tc01Test" tests="1" failures="0" timestamp="2021-09-13T12:49:44 IST" time="11.583" errors="0">
  <testcase name="login" time="11.583" classname="login.Tc01Test"/>
  <system-out>
    <![CDATA[Successfully enter username into textFiled
Successfully enter password into textFiled]]>
  </system-out>
</testsuite> <!-- login.Tc01Test -->
