<?xml version="1.0" encoding="UTF-8"?>
<!-- Generated by org.testng.reporters.JUnitReportReporter -->
<testsuite skipped="0" hostname="Devraj-PC" name="leave.Tc12Test" tests="1" failures="0" timestamp="2021-09-14T17:02:05 IST" time="21.944" errors="0">
  <testcase name="leave" time="21.944" classname="leave.Tc12Test"/>
  <system-out>
    <![CDATA[Leave status is verified]]>
  </system-out>
</testsuite> <!-- leave.Tc12Test -->
