<?xml version="1.0" encoding="UTF-8"?>
<!-- Generated by org.testng.reporters.JUnitReportReporter -->
<testsuite skipped="0" hostname="Devraj-PC" name="login.Tc02Test" tests="1" failures="0" timestamp="2021-09-13T12:50:31 IST" time="5.229" errors="0">
  <testcase name="login" time="5.229" classname="login.Tc02Test"/>
  <system-out>
    <![CDATA[Successfully enter username into textFiled
Successfully enter password into textFiled
Successfully click on login button
Invalid credentials]]>
  </system-out>
</testsuite> <!-- login.Tc02Test -->
